<?xml version="1.0" encoding="UTF-8"?>
<testsuite xmlns:xsi="http://www.w3.org/2001/XMLSchema-instance" xsi:noNamespaceSchemaLocation="https://maven.apache.org/surefire/maven-surefire-plugin/xsd/surefire-test-report.xsd" name="br.com.bb.t99.ExampleMockitoTest" time="0.989" tests="2" errors="0" skipped="0" failures="0">
  <properties>
[...]
</properties>
  <testcase name="insereIdadeMenor18Anos" classname="br.com.bb.t99.ExampleMockitoTest" time="0.295"/>
  <testcase name="insereIdadeMaior18Anos" classname="br.com.bb.t99.ExampleMockitoTest" time="0.038"/>
</testsuite>